<?xml version="1.0" encoding="UTF-8"?>
<!-- Generated by org.testng.reporters.JUnitXMLReporter -->
<testsuite hostname="DESKTOP-U6VM877" ignored="0" name="Default test" tests="4" failures="0" timestamp="02 May 2019 08:04:57 GMT" time="0.566" errors="0">
  <testcase name="loginTest" time="0.026" classname="tests.LoginDDT"/>
  <testcase name="loginTest" time="0.003" classname="tests.LoginDDT"/>
  <testcase name="loginTest" time="0.003" classname="tests.LoginDDT"/>
  <testcase name="loginTest" time="0.003" classname="tests.LoginDDT"/>
</testsuite> <!-- Default test -->
